-------------------------------------------------------------------------------
Test set: TestSuite
-------------------------------------------------------------------------------
Tests run: 1, Failures: 1, Errors: 0, Skipped: 0, Time elapsed: 38.498 s <<< FAILURE! - in TestSuite
checkOutSuccess(testPkg.checkoutFlowcreditCard)  Time elapsed: 36.529 s  <<< FAILURE!
java.lang.AssertionError: expected [18000] but found [20,000]
	at testPkg.checkoutFlowcreditCard.checkOutSuccess(checkoutFlowcreditCard.java:98)

